/Library/Developer/CommandLineTools/usr/bin/python3: can't open file 'backgroundScript.py': [Errno 2] No such file or directory
/Library/Developer/CommandLineTools/usr/bin/python3: can't open file 'backgroundScript.py': [Errno 2] No such file or directory
/Library/Developer/CommandLineTools/usr/bin/python3: can't open file 'backgroundScript.py': [Errno 2] No such file or directory
Traceback (most recent call last):
  File "myScript.py", line 14, in <module>
    time.sleep (5)
NameError: name 'time' is not defined
Traceback (most recent call last):
  File "myScript.py", line 14, in <module>
    time.sleep (5)
NameError: name 'time' is not defined
Traceback (most recent call last):
  File "myScript.py", line 14, in <module>
    time.sleep (5)
NameError: name 'time' is not defined
Traceback (most recent call last):
  File "myScript.py", line 10, in <module>
    os.remove("Output.txt")
NameError: name 'os' is not defined
Traceback (most recent call last):
  File "myScript.py", line 10, in <module>
    os.remove("Output.txt")
FileNotFoundError: [Errno 2] No such file or directory: 'Output.txt'
